<?xml version="1.0" encoding="UTF-8"?>
<testsuite xmlns:xsi="http://www.w3.org/2001/XMLSchema-instance" xsi:noNamespaceSchemaLocation="https://maven.apache.org/surefire/maven-failsafe-plugin/xsd/failsafe-test-report-3.0.xsd" version="3.0" name="io.narayana.lra.testcontainers.tests.LraIT" time="2.629" tests="1" errors="0" skipped="0" failures="0">
  <properties>
[...]
</properties>
  <testcase name="testChainOfInvocations" classname="io.narayana.lra.testcontainers.tests.LraIT" time="0.373">
    <system-out><![CDATA[2025-11-26 18:05:07,769 WARN  [io.qua.arc.dep.SplitPackageProcessor] (build-23) Detected a split package usage which is considered a bad practice and should be avoided. Following packages were detected in multiple archives: 
- "io.smallrye.stork.loadbalancer.random" found in [io.smallrye.stork:stork-load-balancer-random:2.7.3, io.smallrye.stork:stork-load-balancer-sticky:2.7.3]
✓ Shared object store created at: /var/folders/rt/xwgsvk011t15546b9103rdh80000gn/T/lra-objectstore-7317425233612012800
2025-11-26 18:05:08,216 INFO  [org.tes.ima.PullPolicy] (pool-4-thread-1) Image pull policy will be performed by: DefaultPullPolicy()
2025-11-26 18:05:08,217 INFO  [org.tes.uti.ImageNameSubstitutor] (pool-4-thread-1) Image name substitution will be performed by: DefaultImageNameSubstitutor (composite of 'ConfigurationFileImageNameSubstitutor' and 'PrefixingImageNameSubstitutor')
2025-11-26 18:05:08,223 INFO  [org.tes.DockerClientFactory] (pool-4-thread-1) Testcontainers version: 1.21.3
2025-11-26 18:05:08,274 INFO  [org.tes.doc.DockerClientProviderStrategy] (pool-4-thread-1) Loaded org.testcontainers.dockerclient.UnixSocketClientProviderStrategy from ~/.testcontainers.properties, will try it first
2025-11-26 18:05:08,359 INFO  [org.tes.doc.DockerClientProviderStrategy] (pool-4-thread-1) Found Docker environment with local Unix socket (unix:///var/run/docker.sock)
2025-11-26 18:05:08,360 INFO  [org.tes.DockerClientFactory] (pool-4-thread-1) Docker host IP address is localhost
2025-11-26 18:05:08,374 INFO  [org.tes.DockerClientFactory] (pool-4-thread-1) Connected to docker: 
  Server Version: 28.4.0
  API Version: 1.51
  Operating System: Docker Desktop
  Total Memory: 7836 MB
  Labels: 
    com.docker.desktop.address=unix:///Users/christiankuric/Library/Containers/com.docker.docker/Data/docker-cli.sock
2025-11-26 18:05:08,430 INFO  [tc.tes.12.0] (pool-4-thread-1) Creating container for image: testcontainers/ryuk:0.12.0
2025-11-26 18:05:08,485 INFO  [org.tes.uti.RegistryAuthLocator] (pool-4-thread-1) Credential helper/store (docker-credential-desktop) does not have credentials for https://index.docker.io/v1/
2025-11-26 18:05:08,532 INFO  [tc.tes.12.0] (pool-4-thread-1) Container testcontainers/ryuk:0.12.0 is starting: 1f352d03f33c2828b82b35a93faf3d0dfb0aaf740425134414253454d977d9b1
2025-11-26 18:05:08,653 INFO  [tc.tes.12.0] (pool-4-thread-1) Container testcontainers/ryuk:0.12.0 started in PT0.222825S
2025-11-26 18:05:08,655 INFO  [org.tes.uti.RyukResourceReaper] (pool-4-thread-1) Ryuk started - will monitor and terminate Testcontainers containers on JVM exit
2025-11-26 18:05:08,655 INFO  [org.tes.DockerClientFactory] (pool-4-thread-1) Checking the system...
2025-11-26 18:05:08,656 INFO  [org.tes.DockerClientFactory] (pool-4-thread-1) ✔︎ Docker server version should be at least 1.6.0
2025-11-26 18:05:08,656 INFO  [tc.local-coordinator:latest] (pool-4-thread-1) Creating container for image: local-coordinator:latest
2025-11-26 18:05:08,861 INFO  [tc.local-coordinator:latest] (pool-4-thread-1) Container local-coordinator:latest is starting: 23e2c29af0edbba919b8e9afbe3109cd57052e79c007b2e93f8cfe07b67d887f
2025-11-26 18:05:08,974 INFO  [org.tes.con.wai.str.HttpWaitStrategy] (pool-4-thread-1) /hungry_haibt: Waiting for 60 seconds for URL: http://localhost:59815/lra-coordinator/start (where port 59815 maps to container port 8080)
2025-11-26 18:05:10,093 INFO  [tc.local-coordinator:latest] (pool-4-thread-1) Container local-coordinator:latest started in PT1.436947S
2025-11-26 18:05:10,095 INFO  [tc.tra.0] (pool-4-thread-1) Creating container for image: traefik:v3.0
2025-11-26 18:05:10,116 INFO  [tc.tra.0] (pool-4-thread-1) Container traefik:v3.0 is starting: 57aec1785e8b2cdc24ef43638df74f2d41e7323fcfe55b2d09bdb6ce3951bb0b
TRAEFIK: 2025-11-26T17:05:10Z INF github.com/traefik/traefik/v3/cmd/traefik/traefik.go:100 > Traefik version 3.0.4 built on 2024-07-02T13:46:37Z version=3.0.4
TRAEFIK: 2025-11-26T17:05:10Z DBG github.com/traefik/traefik/v3/cmd/traefik/traefik.go:107 > Static configuration loaded [json] staticConfiguration={"api":{"dashboard":true,"insecure":true},"entryPoints":{"http":{"address":":8080","forwardedHeaders":{},"http":{},"http2":{"maxConcurrentStreams":250},"transport":{"lifeCycle":{"graceTimeOut":"10s"},"respondingTimeouts":{"idleTimeout":"3m0s","readTimeout":"1m0s"}},"udp":{"timeout":"3s"}},"traefik":{"address":":9999","forwardedHeaders":{},"http":{},"http2":{"maxConcurrentStreams":250},"transport":{"lifeCycle":{"graceTimeOut":"10s"},"respondingTimeouts":{"idleTimeout":"3m0s","readTimeout":"1m0s"}},"udp":{"timeout":"3s"}}},"global":{"checkNewVersion":true},"log":{"format":"common","level":"DEBUG"},"providers":{"docker":{"defaultRule":"Host(`{{ normalize .Name }}`)","endpoint":"unix:///var/run/docker.sock","watch":true},"providersThrottleDuration":"2s"},"serversTransport":{"maxIdleConnsPerHost":200},"tcpServersTransport":{"dialKeepAlive":"15s","dialTimeout":"30s"}}
TRAEFIK: 2025-11-26T17:05:10Z INF github.com/traefik/traefik/v3/cmd/traefik/traefik.go:605 > 
TRAEFIK: Stats collection is disabled.
TRAEFIK: Help us improve Traefik by turning this feature on :)
TRAEFIK: More details on: https://doc.traefik.io/traefik/contributing/data-collection/
TRAEFIK: 
TRAEFIK: 2025-11-26T17:05:10Z INF github.com/traefik/traefik/v3/pkg/server/configurationwatcher.go:73 > Starting provider aggregator aggregator.ProviderAggregator
TRAEFIK: 2025-11-26T17:05:10Z DBG github.com/traefik/traefik/v3/pkg/server/server_entrypoint_tcp.go:220 > Starting TCP Server entryPointName=http
TRAEFIK: 2025-11-26T17:05:10Z DBG github.com/traefik/traefik/v3/pkg/server/server_entrypoint_tcp.go:220 > Starting TCP Server entryPointName=traefik
TRAEFIK: 2025-11-26T17:05:10Z INF github.com/traefik/traefik/v3/pkg/provider/aggregator/aggregator.go:202 > Starting provider *traefik.Provider
TRAEFIK: 2025-11-26T17:05:10Z DBG github.com/traefik/traefik/v3/pkg/provider/aggregator/aggregator.go:203 > *traefik.Provider provider configuration config={}
TRAEFIK: 2025-11-26T17:05:10Z DBG github.com/traefik/traefik/v3/pkg/server/configurationwatcher.go:227 > Configuration received config={"http":{"middlewares":{"dashboard_redirect":{"redirectRegex":{"permanent":true,"regex":"^(http:\\/\\/(\\[[\\w:.]+\\]|[\\w\\._-]+)(:\\d+)?)\\/$","replacement":"${1}/dashboard/"}},"dashboard_stripprefix":{"stripPrefix":{"prefixes":["/dashboard/","/dashboard"]}}},"routers":{"api":{"entryPoints":["traefik"],"priority":9223372036854775806,"rule":"PathPrefix(`/api`)","ruleSyntax":"v3","service":"api@internal"},"dashboard":{"entryPoints":["traefik"],"middlewares":["dashboard_redirect@internal","dashboard_stripprefix@internal"],"priority":9223372036854775805,"rule":"PathPrefix(`/`)","ruleSyntax":"v3","service":"dashboard@internal"}},"serversTransports":{"default":{"maxIdleConnsPerHost":200}},"services":{"api":{},"dashboard":{},"noop":{}}},"tcp":{"serversTransports":{"default":{"dialKeepAlive":"15s","dialTimeout":"30s"}}},"tls":{},"udp":{}} providerName=internal
TRAEFIK: 2025-11-26T17:05:10Z INF github.com/traefik/traefik/v3/pkg/provider/aggregator/aggregator.go:202 > Starting provider *docker.Provider
TRAEFIK: 2025-11-26T17:05:10Z DBG github.com/traefik/traefik/v3/pkg/provider/aggregator/aggregator.go:203 > *docker.Provider provider configuration config={"defaultRule":"Host(`{{ normalize .Name }}`)","endpoint":"unix:///var/run/docker.sock","watch":true}
TRAEFIK: 2025-11-26T17:05:10Z INF github.com/traefik/traefik/v3/pkg/provider/aggregator/aggregator.go:202 > Starting provider *acme.ChallengeTLSALPN
TRAEFIK: 2025-11-26T17:05:10Z DBG github.com/traefik/traefik/v3/pkg/provider/aggregator/aggregator.go:203 > *acme.ChallengeTLSALPN provider configuration config={}
TRAEFIK: 2025-11-26T17:05:10Z DBG github.com/traefik/traefik/v3/pkg/provider/docker/pdocker.go:89 > Provider connection established with docker 28.4.0 (API 1.51) providerName=docker
TRAEFIK: 2025-11-26T17:05:10Z DBG github.com/traefik/traefik/v3/pkg/tls/tlsmanager.go:321 > No default certificate, fallback to the internal generated certificate tlsStoreName=default
TRAEFIK: 2025-11-26T17:05:10Z DBG github.com/traefik/traefik/v3/pkg/middlewares/stripprefix/strip_prefix.go:32 > Creating middleware entryPointName=traefik middlewareName=dashboard_stripprefix@internal middlewareType=StripPrefix routerName=dashboard@internal
TRAEFIK: 2025-11-26T17:05:10Z DBG github.com/traefik/traefik/v3/pkg/middlewares/observability/middleware.go:33 > Adding tracing to middleware entryPointName=traefik middlewareName=dashboard_stripprefix@internal routerName=dashboard@internal
TRAEFIK: 2025-11-26T17:05:10Z DBG github.com/traefik/traefik/v3/pkg/middlewares/redirect/redirect_regex.go:17 > Creating middleware entryPointName=traefik middlewareName=dashboard_redirect@internal middlewareType=RedirectRegex routerName=dashboard@internal
TRAEFIK: 2025-11-26T17:05:10Z DBG github.com/traefik/traefik/v3/pkg/middlewares/redirect/redirect_regex.go:18 > Setting up redirection from ^(http:\/\/(\[[\w:.]+\]|[\w\._-]+)(:\d+)?)\/$ to ${1}/dashboard/ entryPointName=traefik middlewareName=dashboard_redirect@internal middlewareType=RedirectRegex routerName=dashboard@internal
TRAEFIK: 2025-11-26T17:05:10Z DBG github.com/traefik/traefik/v3/pkg/middlewares/observability/middleware.go:33 > Adding tracing to middleware entryPointName=traefik middlewareName=dashboard_redirect@internal routerName=dashboard@internal
TRAEFIK: 2025-11-26T17:05:10Z DBG github.com/traefik/traefik/v3/pkg/middlewares/recovery/recovery.go:22 > Creating middleware entryPointName=traefik middlewareName=traefik-internal-recovery middlewareType=Recovery
TRAEFIK: 2025-11-26T17:05:10Z DBG github.com/traefik/traefik/v3/pkg/provider/docker/config.go:184 > Filtering disabled container container=epic-dijkstra-57aec1785e8b2cdc24ef43638df74f2d41e7323fcfe55b2d09bdb6ce3951bb0b providerName=docker
TRAEFIK: 2025-11-26T17:05:10Z DBG github.com/traefik/traefik/v3/pkg/provider/docker/config.go:184 > Filtering disabled container container=testcontainers-ryuk-74d96496-9a16-4025-9b4d-0aaa141d626b-1f352d03f33c2828b82b35a93faf3d0dfb0aaf740425134414253454d977d9b1 providerName=docker
TRAEFIK: 2025-11-26T17:05:10Z DBG github.com/traefik/traefik/v3/pkg/provider/docker/config.go:184 > Filtering disabled container container=company-db-jobify-backend-e7b2f8685d6ae3a65a578789d69353ad0c1f8bae71d71063b3f6e7d6ae9459c9 providerName=docker
TRAEFIK: 2025-11-26T17:05:10Z DBG github.com/traefik/traefik/v3/pkg/provider/docker/config.go:184 > Filtering disabled container container=jobseeker-db-jobify-backend-d7afd00f0eab02041d0dea4848501c93d90a16f05104f8ba72ac8a8f9f140c07 providerName=docker
TRAEFIK: 2025-11-26T17:05:10Z DBG github.com/traefik/traefik/v3/pkg/provider/docker/config.go:184 > Filtering disabled container container=user-db-jobify-backend-3e80ccfefd47327870deff8cb8b00fda2b8a419136acfa67c0da1b3c9b66d4ce providerName=docker
TRAEFIK: 2025-11-26T17:05:10Z DBG github.com/traefik/traefik/v3/pkg/provider/docker/config.go:184 > Filtering disabled container container=joblisting-db-jobify-backend-1dd80f0f329e76eeb16d9d6fa87bab1817b09320556dcd72d8fc6a22eee80798 providerName=docker
TRAEFIK: 2025-11-26T17:05:10Z DBG github.com/traefik/traefik/v3/pkg/server/configurationwatcher.go:227 > Configuration received config={"http":{"routers":{"lra-coordinator-coord-1":{"priority":10,"rule":"PathPrefix(`/lra-coordinator`)","service":"lra-coordinator-coord-1"}},"services":{"lra-coordinator-coord-1":{"loadBalancer":{"passHostHeader":true,"responseForwarding":{"flushInterval":"100ms"},"servers":[{"url":"http://172.21.0.2:8080"}]}}}},"tcp":{},"tls":{},"udp":{}} providerName=docker
TRAEFIK: 2025-11-26T17:05:10Z DBG github.com/traefik/traefik/v3/pkg/server/aggregator.go:51 > No entryPoint defined for this router, using the default one(s) instead entryPointName=["http"] routerName=lra-coordinator-coord-1
2025-11-26 18:05:10,249 INFO  [tc.tra.0] (pool-4-thread-1) Container traefik:v3.0 started in PT0.154443S
TRAEFIK: 2025-11-26T17:05:10Z DBG github.com/traefik/traefik/v3/pkg/tls/tlsmanager.go:321 > No default certificate, fallback to the internal generated certificate tlsStoreName=default
TRAEFIK: 2025-11-26T17:05:10Z DBG github.com/traefik/traefik/v3/pkg/middlewares/stripprefix/strip_prefix.go:32 > Creating middleware entryPointName=traefik middlewareName=dashboard_stripprefix@internal middlewareType=StripPrefix routerName=dashboard@internal
TRAEFIK: 2025-11-26T17:05:10Z DBG github.com/traefik/traefik/v3/pkg/middlewares/observability/middleware.go:33 > Adding tracing to middleware entryPointName=traefik middlewareName=dashboard_stripprefix@internal routerName=dashboard@internal
TRAEFIK: 2025-11-26T17:05:10Z DBG github.com/traefik/traefik/v3/pkg/middlewares/redirect/redirect_regex.go:17 > Creating middleware entryPointName=traefik middlewareName=dashboard_redirect@internal middlewareType=RedirectRegex routerName=dashboard@internal
TRAEFIK: 2025-11-26T17:05:10Z DBG github.com/traefik/traefik/v3/pkg/middlewares/redirect/redirect_regex.go:18 > Setting up redirection from ^(http:\/\/(\[[\w:.]+\]|[\w\._-]+)(:\d+)?)\/$ to ${1}/dashboard/ entryPointName=traefik middlewareName=dashboard_redirect@internal middlewareType=RedirectRegex routerName=dashboard@internal
TRAEFIK: 2025-11-26T17:05:10Z DBG github.com/traefik/traefik/v3/pkg/middlewares/observability/middleware.go:33 > Adding tracing to middleware entryPointName=traefik middlewareName=dashboard_redirect@internal routerName=dashboard@internal
TRAEFIK: 2025-11-26T17:05:10Z DBG github.com/traefik/traefik/v3/pkg/middlewares/recovery/recovery.go:22 > Creating middleware entryPointName=traefik middlewareName=traefik-internal-recovery middlewareType=Recovery
TRAEFIK: 2025-11-26T17:05:10Z DBG github.com/traefik/traefik/v3/pkg/server/service/service.go:259 > Creating load-balancer entryPointName=http routerName=lra-coordinator-coord-1@docker serviceName=lra-coordinator-coord-1@docker
TRAEFIK: 2025-11-26T17:05:10Z DBG github.com/traefik/traefik/v3/pkg/server/service/service.go:301 > Creating server entryPointName=http routerName=lra-coordinator-coord-1@docker serverName=5a508024690b83b2 serviceName=lra-coordinator-coord-1@docker target=http://172.21.0.2:8080
TRAEFIK: 2025-11-26T17:05:10Z DBG github.com/traefik/traefik/v3/pkg/middlewares/recovery/recovery.go:22 > Creating middleware entryPointName=http middlewareName=traefik-internal-recovery middlewareType=Recovery
2025-11-26 18:05:10,447 INFO  [io.quarkus] (main) lra-test-containers 1.0.3.Final-SNAPSHOT on JVM (powered by Quarkus 3.29.4) started in 3.109s. Listening on: http://localhost:8081
2025-11-26 18:05:10,447 INFO  [io.quarkus] (main) Profile test activated. 
2025-11-26 18:05:10,447 INFO  [io.quarkus] (main) Installed features: [cdi, compose, narayana-lra, rest, rest-client, rest-client-jackson, rest-jackson, smallrye-context-propagation, vertx]
TRAEFIK: 2025-11-26T17:05:10Z DBG github.com/traefik/traefik/v3/pkg/server/service/loadbalancer/wrr/wrr.go:196 > Service selected by WRR: 5a508024690b83b2
TRAEFIK: 2025-11-26T17:05:10Z DBG github.com/traefik/traefik/v3/pkg/server/service/loadbalancer/wrr/wrr.go:196 > Service selected by WRR: 5a508024690b83b2
TRAEFIK: 2025-11-26T17:05:10Z DBG github.com/traefik/traefik/v3/pkg/server/service/loadbalancer/wrr/wrr.go:196 > Service selected by WRR: 5a508024690b83b2
TRAEFIK: 2025-11-26T17:05:10Z DBG github.com/traefik/traefik/v3/pkg/server/service/loadbalancer/wrr/wrr.go:196 > Service selected by WRR: 5a508024690b83b2
TRAEFIK: 2025-11-26T17:05:10Z DBG github.com/traefik/traefik/v3/pkg/server/service/loadbalancer/wrr/wrr.go:196 > Service selected by WRR: 5a508024690b83b2
TRAEFIK: 2025-11-26T17:05:10Z DBG github.com/traefik/traefik/v3/pkg/server/service/loadbalancer/wrr/wrr.go:196 > Service selected by WRR: 5a508024690b83b2
TRAEFIK: 2025-11-26T17:05:10Z DBG github.com/traefik/traefik/v3/pkg/server/service/loadbalancer/wrr/wrr.go:196 > Service selected by WRR: 5a508024690b83b2
]]></system-out>
  </testcase>
</testsuite>